生成启动时间为 2016-02-29 14:11:16。
     1>项目“E:\Project\SendImagesTool\FoDicom\DICOM.Native\x86\libijg8.x86.vcxproj”在节点 5 上(Build 个目标)。
     1>ClCompile:
         C:\Program Files (x86)\Microsoft Visual Studio 12.0\VC\bin\CL.exe /c /Zi /nologo /W3 /WX- /Od /Oy- /D _CRT_SECURE_NO_WARNINGS /D WIN32 /D _DEBUG /D _LIB /D _UNICODE /D UNICODE /Gm /EHsc /RTC1 /MDd /GS /fp:precise /Zc:wchar_t /Zc:forScope /Fo"..\obj\x86\Debug\libijg8.x86\\" /Fd"..\obj\x86\Debug\libijg8.x86\vc120.pdb" /Gd /TC /analyze- /errorReport:prompt ..\libijg8\jaricom.c ..\libijg8\jcapimin.c ..\libijg8\jcapistd.c ..\libijg8\jcarith.c ..\libijg8\jccoefct.c ..\libijg8\jccolor.c ..\libijg8\jcdctmgr.c ..\libijg8\jcdiffct.c ..\libijg8\jchuff.c ..\libijg8\jcinit.c ..\libijg8\jclhuff.c ..\libijg8\jclossls.c ..\libijg8\jclossy.c ..\libijg8\jcmainct.c ..\libijg8\jcmarker.c ..\libijg8\jcmaster.c ..\libijg8\jcodec.c ..\libijg8\jcomapi.c ..\libijg8\jcparam.c ..\libijg8\jcphuff.c ..\libijg8\jcpred.c ..\libijg8\jcprepct.c ..\libijg8\jcsample.c ..\libijg8\jcscale.c ..\libijg8\jcshuff.c ..\libijg8\jctrans.c ..\libijg8\jdapimin.c ..\libijg8\jdapistd.c ..\libijg8\jdarith.c ..\libijg8\jdatadst.c ..\libijg8\jdatasrc.c ..\libijg8\jdcoefct.c ..\libijg8\jdcolor.c ..\libijg8\jddctmgr.c ..\libijg8\jddiffct.c ..\libijg8\jdhuff.c ..\libijg8\jdinput.c ..\libijg8\jdlhuff.c ..\libijg8\jdlossls.c ..\libijg8\jdlossy.c ..\libijg8\jdmainct.c ..\libijg8\jdmarker.c ..\libijg8\jdmaster.c ..\libijg8\jdmerge.c ..\libijg8\jdphuff.c ..\libijg8\jdpostct.c ..\libijg8\jdpred.c ..\libijg8\jdsample.c ..\libijg8\jdscale.c ..\libijg8\jdshuff.c ..\libijg8\jdtrans.c ..\libijg8\jerror.c ..\libijg8\jfdctflt.c ..\libijg8\jfdctfst.c ..\libijg8\jfdctint.c ..\libijg8\jidctflt.c ..\libijg8\jidctfst.c ..\libijg8\jidctint.c ..\libijg8\jidctred.c ..\libijg8\jmemmgr.c ..\libijg8\jmemnobs.c ..\libijg8\jquant1.c ..\libijg8\jquant2.c ..\libijg8\jutils.c
         jutils.c
         jquant2.c
         jquant1.c
         jmemnobs.c
         jmemmgr.c
         jidctred.c
         jidctint.c
         jidctfst.c
         jidctflt.c
         jfdctint.c
         jfdctfst.c
         jfdctflt.c
         jerror.c
         jdtrans.c
         jdshuff.c
         jdscale.c
         jdsample.c
         jdpred.c
         jdpostct.c
         jdphuff.c
         正在生成代码...
         正在编译...
         jdmerge.c
         jdmaster.c
         jdmarker.c
         jdmainct.c
         jdlossy.c
         jdlossls.c
         jdlhuff.c
         jdinput.c
         jdhuff.c
         jddiffct.c
         jddctmgr.c
         jdcolor.c
         jdcoefct.c
         jdatasrc.c
         jdatadst.c
         jdarith.c
         jdapistd.c
         jdapimin.c
         jctrans.c
         jcshuff.c
         正在生成代码...
         正在编译...
         jcscale.c
         jcsample.c
         jcprepct.c
         jcpred.c
         jcphuff.c
         jcparam.c
         jcomapi.c
         jcodec.c
         jcmaster.c
         jcmarker.c
         jcmainct.c
         jclossy.c
         jclossls.c
         jclhuff.c
         jcinit.c
         jchuff.c
         jcdiffct.c
         jcdctmgr.c
         jccolor.c
         jccoefct.c
         正在生成代码...
         正在编译...
         jcarith.c
         jcapistd.c
         jcapimin.c
         jaricom.c
         正在生成代码...
       Lib:
         C:\Program Files (x86)\Microsoft Visual Studio 12.0\VC\bin\Lib.exe /OUT:"..\bin\x86\Debug\libijg8.x86\libijg8.x86.lib" /NOLOGO ..\obj\x86\Debug\libijg8.x86\jaricom.obj
         ..\obj\x86\Debug\libijg8.x86\jcapimin.obj
         ..\obj\x86\Debug\libijg8.x86\jcapistd.obj
         ..\obj\x86\Debug\libijg8.x86\jcarith.obj
         ..\obj\x86\Debug\libijg8.x86\jccoefct.obj
         ..\obj\x86\Debug\libijg8.x86\jccolor.obj
         ..\obj\x86\Debug\libijg8.x86\jcdctmgr.obj
         ..\obj\x86\Debug\libijg8.x86\jcdiffct.obj
         ..\obj\x86\Debug\libijg8.x86\jchuff.obj
         ..\obj\x86\Debug\libijg8.x86\jcinit.obj
         ..\obj\x86\Debug\libijg8.x86\jclhuff.obj
         ..\obj\x86\Debug\libijg8.x86\jclossls.obj
         ..\obj\x86\Debug\libijg8.x86\jclossy.obj
         ..\obj\x86\Debug\libijg8.x86\jcmainct.obj
         ..\obj\x86\Debug\libijg8.x86\jcmarker.obj
         ..\obj\x86\Debug\libijg8.x86\jcmaster.obj
         ..\obj\x86\Debug\libijg8.x86\jcodec.obj
         ..\obj\x86\Debug\libijg8.x86\jcomapi.obj
         ..\obj\x86\Debug\libijg8.x86\jcparam.obj
         ..\obj\x86\Debug\libijg8.x86\jcphuff.obj
         ..\obj\x86\Debug\libijg8.x86\jcpred.obj
         ..\obj\x86\Debug\libijg8.x86\jcprepct.obj
         ..\obj\x86\Debug\libijg8.x86\jcsample.obj
         ..\obj\x86\Debug\libijg8.x86\jcscale.obj
         ..\obj\x86\Debug\libijg8.x86\jcshuff.obj
         ..\obj\x86\Debug\libijg8.x86\jctrans.obj
         ..\obj\x86\Debug\libijg8.x86\jdapimin.obj
         ..\obj\x86\Debug\libijg8.x86\jdapistd.obj
         ..\obj\x86\Debug\libijg8.x86\jdarith.obj
         ..\obj\x86\Debug\libijg8.x86\jdatadst.obj
         ..\obj\x86\Debug\libijg8.x86\jdatasrc.obj
         ..\obj\x86\Debug\libijg8.x86\jdcoefct.obj
         ..\obj\x86\Debug\libijg8.x86\jdcolor.obj
         ..\obj\x86\Debug\libijg8.x86\jddctmgr.obj
         ..\obj\x86\Debug\libijg8.x86\jddiffct.obj
         ..\obj\x86\Debug\libijg8.x86\jdhuff.obj
         ..\obj\x86\Debug\libijg8.x86\jdinput.obj
         ..\obj\x86\Debug\libijg8.x86\jdlhuff.obj
         ..\obj\x86\Debug\libijg8.x86\jdlossls.obj
         ..\obj\x86\Debug\libijg8.x86\jdlossy.obj
         ..\obj\x86\Debug\libijg8.x86\jdmainct.obj
         ..\obj\x86\Debug\libijg8.x86\jdmarker.obj
         ..\obj\x86\Debug\libijg8.x86\jdmaster.obj
         ..\obj\x86\Debug\libijg8.x86\jdmerge.obj
         ..\obj\x86\Debug\libijg8.x86\jdphuff.obj
         ..\obj\x86\Debug\libijg8.x86\jdpostct.obj
         ..\obj\x86\Debug\libijg8.x86\jdpred.obj
         ..\obj\x86\Debug\libijg8.x86\jdsample.obj
         ..\obj\x86\Debug\libijg8.x86\jdscale.obj
         ..\obj\x86\Debug\libijg8.x86\jdshuff.obj
         ..\obj\x86\Debug\libijg8.x86\jdtrans.obj
         ..\obj\x86\Debug\libijg8.x86\jerror.obj
         ..\obj\x86\Debug\libijg8.x86\jfdctflt.obj
         ..\obj\x86\Debug\libijg8.x86\jfdctfst.obj
         ..\obj\x86\Debug\libijg8.x86\jfdctint.obj
         ..\obj\x86\Debug\libijg8.x86\jidctflt.obj
         ..\obj\x86\Debug\libijg8.x86\jidctfst.obj
         ..\obj\x86\Debug\libijg8.x86\jidctint.obj
         ..\obj\x86\Debug\libijg8.x86\jidctred.obj
         ..\obj\x86\Debug\libijg8.x86\jmemmgr.obj
         ..\obj\x86\Debug\libijg8.x86\jmemnobs.obj
         ..\obj\x86\Debug\libijg8.x86\jquant1.obj
         ..\obj\x86\Debug\libijg8.x86\jquant2.obj
         ..\obj\x86\Debug\libijg8.x86\jutils.obj
         libijg8.x86.vcxproj -> E:\Project\SendImagesTool\FoDicom\DICOM.Native\x86\..\bin\x86\Debug\libijg8.x86\libijg8.x86.lib
     1>已完成生成项目“E:\Project\SendImagesTool\FoDicom\DICOM.Native\x86\libijg8.x86.vcxproj”(Build 个目标)的操作。

生成成功。

已用时间 00:00:02.02
