g:\workproject\sendimagestool\fodicom\dicom.native\obj\x86\debug\libijg8.x86\vc120.pdb
e:\project\sendimagestool\fodicom\dicom.native\obj\x86\debug\libijg8.x86\vc120.pdb
e:\project\sendimagestool\fodicom\dicom.native\obj\x86\debug\libijg8.x86\vc120.idb
e:\project\sendimagestool\fodicom\dicom.native\obj\x86\debug\libijg8.x86\jdphuff.obj
e:\project\sendimagestool\fodicom\dicom.native\obj\x86\debug\libijg8.x86\jdpostct.obj
e:\project\sendimagestool\fodicom\dicom.native\obj\x86\debug\libijg8.x86\jdpred.obj
e:\project\sendimagestool\fodicom\dicom.native\obj\x86\debug\libijg8.x86\jdsample.obj
e:\project\sendimagestool\fodicom\dicom.native\obj\x86\debug\libijg8.x86\jdscale.obj
e:\project\sendimagestool\fodicom\dicom.native\obj\x86\debug\libijg8.x86\jdshuff.obj
e:\project\sendimagestool\fodicom\dicom.native\obj\x86\debug\libijg8.x86\jdtrans.obj
e:\project\sendimagestool\fodicom\dicom.native\obj\x86\debug\libijg8.x86\jerror.obj
e:\project\sendimagestool\fodicom\dicom.native\obj\x86\debug\libijg8.x86\jfdctflt.obj
e:\project\sendimagestool\fodicom\dicom.native\obj\x86\debug\libijg8.x86\jfdctfst.obj
e:\project\sendimagestool\fodicom\dicom.native\obj\x86\debug\libijg8.x86\jfdctint.obj
e:\project\sendimagestool\fodicom\dicom.native\obj\x86\debug\libijg8.x86\jidctflt.obj
e:\project\sendimagestool\fodicom\dicom.native\obj\x86\debug\libijg8.x86\jidctfst.obj
e:\project\sendimagestool\fodicom\dicom.native\obj\x86\debug\libijg8.x86\jidctint.obj
e:\project\sendimagestool\fodicom\dicom.native\obj\x86\debug\libijg8.x86\jidctred.obj
e:\project\sendimagestool\fodicom\dicom.native\obj\x86\debug\libijg8.x86\jmemmgr.obj
e:\project\sendimagestool\fodicom\dicom.native\obj\x86\debug\libijg8.x86\jmemnobs.obj
e:\project\sendimagestool\fodicom\dicom.native\obj\x86\debug\libijg8.x86\jquant1.obj
e:\project\sendimagestool\fodicom\dicom.native\obj\x86\debug\libijg8.x86\jquant2.obj
e:\project\sendimagestool\fodicom\dicom.native\obj\x86\debug\libijg8.x86\jutils.obj
e:\project\sendimagestool\fodicom\dicom.native\obj\x86\debug\libijg8.x86\jcshuff.obj
e:\project\sendimagestool\fodicom\dicom.native\obj\x86\debug\libijg8.x86\jctrans.obj
e:\project\sendimagestool\fodicom\dicom.native\obj\x86\debug\libijg8.x86\jdapimin.obj
e:\project\sendimagestool\fodicom\dicom.native\obj\x86\debug\libijg8.x86\jdapistd.obj
e:\project\sendimagestool\fodicom\dicom.native\obj\x86\debug\libijg8.x86\jdarith.obj
e:\project\sendimagestool\fodicom\dicom.native\obj\x86\debug\libijg8.x86\jdatadst.obj
e:\project\sendimagestool\fodicom\dicom.native\obj\x86\debug\libijg8.x86\jdatasrc.obj
e:\project\sendimagestool\fodicom\dicom.native\obj\x86\debug\libijg8.x86\jdcoefct.obj
e:\project\sendimagestool\fodicom\dicom.native\obj\x86\debug\libijg8.x86\jdcolor.obj
e:\project\sendimagestool\fodicom\dicom.native\obj\x86\debug\libijg8.x86\jddctmgr.obj
e:\project\sendimagestool\fodicom\dicom.native\obj\x86\debug\libijg8.x86\jddiffct.obj
e:\project\sendimagestool\fodicom\dicom.native\obj\x86\debug\libijg8.x86\jdhuff.obj
e:\project\sendimagestool\fodicom\dicom.native\obj\x86\debug\libijg8.x86\jdinput.obj
e:\project\sendimagestool\fodicom\dicom.native\obj\x86\debug\libijg8.x86\jdlhuff.obj
e:\project\sendimagestool\fodicom\dicom.native\obj\x86\debug\libijg8.x86\jdlossls.obj
e:\project\sendimagestool\fodicom\dicom.native\obj\x86\debug\libijg8.x86\jdlossy.obj
e:\project\sendimagestool\fodicom\dicom.native\obj\x86\debug\libijg8.x86\jdmainct.obj
e:\project\sendimagestool\fodicom\dicom.native\obj\x86\debug\libijg8.x86\jdmarker.obj
e:\project\sendimagestool\fodicom\dicom.native\obj\x86\debug\libijg8.x86\jdmaster.obj
e:\project\sendimagestool\fodicom\dicom.native\obj\x86\debug\libijg8.x86\jdmerge.obj
e:\project\sendimagestool\fodicom\dicom.native\obj\x86\debug\libijg8.x86\jccoefct.obj
e:\project\sendimagestool\fodicom\dicom.native\obj\x86\debug\libijg8.x86\jccolor.obj
e:\project\sendimagestool\fodicom\dicom.native\obj\x86\debug\libijg8.x86\jcdctmgr.obj
e:\project\sendimagestool\fodicom\dicom.native\obj\x86\debug\libijg8.x86\jcdiffct.obj
e:\project\sendimagestool\fodicom\dicom.native\obj\x86\debug\libijg8.x86\jchuff.obj
e:\project\sendimagestool\fodicom\dicom.native\obj\x86\debug\libijg8.x86\jcinit.obj
e:\project\sendimagestool\fodicom\dicom.native\obj\x86\debug\libijg8.x86\jclhuff.obj
e:\project\sendimagestool\fodicom\dicom.native\obj\x86\debug\libijg8.x86\jclossls.obj
e:\project\sendimagestool\fodicom\dicom.native\obj\x86\debug\libijg8.x86\jclossy.obj
e:\project\sendimagestool\fodicom\dicom.native\obj\x86\debug\libijg8.x86\jcmainct.obj
e:\project\sendimagestool\fodicom\dicom.native\obj\x86\debug\libijg8.x86\jcmarker.obj
e:\project\sendimagestool\fodicom\dicom.native\obj\x86\debug\libijg8.x86\jcmaster.obj
e:\project\sendimagestool\fodicom\dicom.native\obj\x86\debug\libijg8.x86\jcodec.obj
e:\project\sendimagestool\fodicom\dicom.native\obj\x86\debug\libijg8.x86\jcomapi.obj
e:\project\sendimagestool\fodicom\dicom.native\obj\x86\debug\libijg8.x86\jcparam.obj
e:\project\sendimagestool\fodicom\dicom.native\obj\x86\debug\libijg8.x86\jcphuff.obj
e:\project\sendimagestool\fodicom\dicom.native\obj\x86\debug\libijg8.x86\jcpred.obj
e:\project\sendimagestool\fodicom\dicom.native\obj\x86\debug\libijg8.x86\jcprepct.obj
e:\project\sendimagestool\fodicom\dicom.native\obj\x86\debug\libijg8.x86\jcsample.obj
e:\project\sendimagestool\fodicom\dicom.native\obj\x86\debug\libijg8.x86\jcscale.obj
e:\project\sendimagestool\fodicom\dicom.native\obj\x86\debug\libijg8.x86\jaricom.obj
e:\project\sendimagestool\fodicom\dicom.native\obj\x86\debug\libijg8.x86\jcapimin.obj
e:\project\sendimagestool\fodicom\dicom.native\obj\x86\debug\libijg8.x86\jcapistd.obj
e:\project\sendimagestool\fodicom\dicom.native\obj\x86\debug\libijg8.x86\jcarith.obj
g:\workproject\sendimagestool\fodicom\dicom.native\bin\x86\debug\libijg8.x86\libijg8.x86.lib
e:\project\sendimagestool\fodicom\dicom.native\bin\x86\debug\libijg8.x86\libijg8.x86.lib
e:\project\sendimagestool\fodicom\dicom.native\x86\..\bin\x86\debug\libijg8.x86\libijg8.x86.lib
e:\project\sendimagestool\fodicom\dicom.native\obj\x86\debug\libijg8.x86\libijg8.x86.tlog\cl.command.1.tlog
e:\project\sendimagestool\fodicom\dicom.native\obj\x86\debug\libijg8.x86\libijg8.x86.tlog\cl.read.1.tlog
e:\project\sendimagestool\fodicom\dicom.native\obj\x86\debug\libijg8.x86\libijg8.x86.tlog\cl.write.1.tlog
e:\project\sendimagestool\fodicom\dicom.native\obj\x86\debug\libijg8.x86\libijg8.x86.tlog\lib-link.read.1.tlog
e:\project\sendimagestool\fodicom\dicom.native\obj\x86\debug\libijg8.x86\libijg8.x86.tlog\lib-link.write.1.tlog
e:\project\sendimagestool\fodicom\dicom.native\obj\x86\debug\libijg8.x86\libijg8.x86.tlog\lib.command.1.tlog
