g:\workproject\sendimagestool\fodicom\dicom.native\obj\x64\debug\dicom.native64\vc120.pdb
e:\project\sendimagestool\fodicom\dicom.native\obj\x64\debug\dicom.native64\vc120.pdb
e:\project\sendimagestool\fodicom\dicom.native\obj\x64\debug\dicom.native64\dicomnativeext.obj
e:\project\sendimagestool\fodicom\dicom.native\obj\x64\debug\dicom.native64\dicom.imaging.codec.rle.obj
e:\project\sendimagestool\fodicom\dicom.native\obj\x64\debug\dicom.native64\dicom.imaging.codec.jpeg_8.obj
e:\project\sendimagestool\fodicom\dicom.native\obj\x64\debug\dicom.native64\dicom.imaging.codec.jpeg_16.obj
e:\project\sendimagestool\fodicom\dicom.native\obj\x64\debug\dicom.native64\dicom.imaging.codec.jpeg_12.obj
e:\project\sendimagestool\fodicom\dicom.native\obj\x64\debug\dicom.native64\dicom.imaging.codec.jpegls.obj
e:\project\sendimagestool\fodicom\dicom.native\obj\x64\debug\dicom.native64\dicom.imaging.codec.jpeg2000.obj
e:\project\sendimagestool\fodicom\dicom.native\obj\x64\debug\dicom.native64\dicom.imaging.codec.jpeg.obj
e:\project\sendimagestool\fodicom\dicom.native\obj\x64\debug\dicom.native64\assemblyinfo.obj
e:\project\sendimagestool\fodicom\dicom.native\obj\x64\debug\dicom.native64\jpegstreamwriter.obj
e:\project\sendimagestool\fodicom\dicom.native\obj\x64\debug\dicom.native64\jpegstreamreader.obj
e:\project\sendimagestool\fodicom\dicom.native\obj\x64\debug\dicom.native64\jpegmarkersegment.obj
e:\project\sendimagestool\fodicom\dicom.native\obj\x64\debug\dicom.native64\jpegls.obj
e:\project\sendimagestool\fodicom\dicom.native\obj\x64\debug\dicom.native64\interface.obj
e:\project\sendimagestool\fodicom\dicom.native\obj\x64\debug\dicom.native64\tcd.obj
e:\project\sendimagestool\fodicom\dicom.native\obj\x64\debug\dicom.native64\t2.obj
e:\project\sendimagestool\fodicom\dicom.native\obj\x64\debug\dicom.native64\t1.obj
e:\project\sendimagestool\fodicom\dicom.native\obj\x64\debug\dicom.native64\raw.obj
e:\project\sendimagestool\fodicom\dicom.native\obj\x64\debug\dicom.native64\ppix_manager.obj
e:\project\sendimagestool\fodicom\dicom.native\obj\x64\debug\dicom.native64\pi.obj
e:\project\sendimagestool\fodicom\dicom.native\obj\x64\debug\dicom.native64\phix_manager.obj
e:\project\sendimagestool\fodicom\dicom.native\obj\x64\debug\dicom.native64\openjpeg.obj
e:\project\sendimagestool\fodicom\dicom.native\obj\x64\debug\dicom.native64\mqc.obj
e:\project\sendimagestool\fodicom\dicom.native\obj\x64\debug\dicom.native64\mct.obj
e:\project\sendimagestool\fodicom\dicom.native\obj\x64\debug\dicom.native64\jpt.obj
e:\project\sendimagestool\fodicom\dicom.native\obj\x64\debug\dicom.native64\jp2.obj
e:\project\sendimagestool\fodicom\dicom.native\obj\x64\debug\dicom.native64\j2k_lib.obj
e:\project\sendimagestool\fodicom\dicom.native\obj\x64\debug\dicom.native64\j2k.obj
e:\project\sendimagestool\fodicom\dicom.native\obj\x64\debug\dicom.native64\image.obj
e:\project\sendimagestool\fodicom\dicom.native\obj\x64\debug\dicom.native64\event.obj
e:\project\sendimagestool\fodicom\dicom.native\obj\x64\debug\dicom.native64\dwt.obj
e:\project\sendimagestool\fodicom\dicom.native\obj\x64\debug\dicom.native64\cio.obj
e:\project\sendimagestool\fodicom\dicom.native\obj\x64\debug\dicom.native64\cidx_manager.obj
e:\project\sendimagestool\fodicom\dicom.native\obj\x64\debug\dicom.native64\bio.obj
e:\project\sendimagestool\fodicom\dicom.native\obj\x64\debug\dicom.native64\tpix_manager.obj
e:\project\sendimagestool\fodicom\dicom.native\obj\x64\debug\dicom.native64\thix_manager.obj
e:\project\sendimagestool\fodicom\dicom.native\obj\x64\debug\dicom.native64\tgt.obj
e:\project\sendimagestool\fodicom\dicom.native\obj\x64\debug\dicom.native64\.netframework,version=v4.5.assemblyattributes.obj
g:\workproject\sendimagestool\fodicom\dicom.native\bin\x64\debug\dicom.native64\dicom.core.dll
g:\workproject\sendimagestool\fodicom\dicom.native\bin\x64\debug\dicom.native64\dicom.core.pdb
g:\workproject\sendimagestool\fodicom\dicom.native\bin\x64\debug\dicom.native64\dicom.native64.lib
g:\workproject\sendimagestool\fodicom\dicom.native\bin\x64\debug\dicom.native64\dicom.native64.exp
e:\project\sendimagestool\fodicom\dicom.native\bin\x64\debug\dicom.native64\dicom.core.dll
e:\project\sendimagestool\fodicom\dicom.native\bin\x64\debug\dicom.native64\dicom.core.pdb
e:\project\sendimagestool\fodicom\dicom.native\bin\x64\debug\dicom.native64\dicom.native64.lib
e:\project\sendimagestool\fodicom\dicom.native\bin\x64\debug\dicom.native64\dicom.native64.exp
g:\workproject\sendimagestool\fodicom\dicom.native\bin\x64\debug\dicom.native64\dicom.native64.dll
g:\workproject\sendimagestool\fodicom\dicom.native\bin\x64\debug\dicom.native64\dicom.native64.pdb
e:\project\sendimagestool\fodicom\dicom.native\bin\x64\debug\dicom.native64\dicom.native64.dll
c:\windows\microsoft.net\framework\v2.0.50727\mscorwks.dll
c:\windows\microsoft.net\framework\v4.0.30319\clr.dll
e:\project\sendimagestool\fodicom\dicom.native\bin\x64\debug\dicom.native64\dicom.native64.pdb
e:\project\sendimagestool\fodicom\dicom.native\obj\x64\debug\dicom.native64\dicom.native64.tlog\metagen.write.1.tlog
e:\project\sendimagestool\fodicom\dicom.native\obj\x64\debug\dicom.native64\dicom.native64.vcxprojresolveassemblyreference.cache
e:\project\sendimagestool\fodicom\dicom.native\x64\..\bin\x64\debug\dicom.native64\dicom.native64.dll
e:\project\sendimagestool\fodicom\dicom.native\obj\x64\debug\dicom.native64\dicom.native64.tlog\cl.command.1.tlog
e:\project\sendimagestool\fodicom\dicom.native\obj\x64\debug\dicom.native64\dicom.native64.tlog\cl.read.1.tlog
e:\project\sendimagestool\fodicom\dicom.native\obj\x64\debug\dicom.native64\dicom.native64.tlog\cl.read.2.tlog
e:\project\sendimagestool\fodicom\dicom.native\obj\x64\debug\dicom.native64\dicom.native64.tlog\cl.write.1.tlog
e:\project\sendimagestool\fodicom\dicom.native\obj\x64\debug\dicom.native64\dicom.native64.tlog\dicom.native64.write.1u.tlog
e:\project\sendimagestool\fodicom\dicom.native\obj\x64\debug\dicom.native64\dicom.native64.tlog\link.command.1.tlog
e:\project\sendimagestool\fodicom\dicom.native\obj\x64\debug\dicom.native64\dicom.native64.tlog\link.read.1.tlog
e:\project\sendimagestool\fodicom\dicom.native\obj\x64\debug\dicom.native64\dicom.native64.tlog\link.write.1.tlog
e:\project\sendimagestool\fodicom\dicom.native\obj\x64\debug\dicom.native64\dicom.native64.tlog\metagen.read.1.tlog
e:\project\sendimagestool\fodicom\dicom.native\obj\x64\debug\dicom.native64\dicom.native64.tlog\dicom.core.dll.metagen
e:\project\sendimagestool\fodicom\dicom.native\obj\x64\debug\dicom.native64\dicom.native64.tlog\rsaenh.dll.bi
e:\project\sendimagestool\fodicom\dicom.native\obj\x64\debug\dicom.native64\dicom.native64.tlog\tzres.dll.bi
