生成启动时间为 2016-02-29 14:11:18。
     1>项目“E:\Project\SendImagesTool\FoDicom\DICOM.Native\x86\libijg12.x86.vcxproj”在节点 2 上(Build 个目标)。
     1>ClCompile:
         C:\Program Files (x86)\Microsoft Visual Studio 12.0\VC\bin\CL.exe /c /Zi /nologo /W3 /WX- /Od /Oy- /D _CRT_SECURE_NO_WARNINGS /D WIN32 /D _DEBUG /D _LIB /D _UNICODE /D UNICODE /Gm /EHsc /RTC1 /MDd /GS /fp:precise /Zc:wchar_t /Zc:forScope /Fo"..\obj\x86\Debug\libijg12.x86\\" /Fd"..\obj\x86\Debug\libijg12.x86\vc120.pdb" /Gd /TC /analyze- /errorReport:prompt ..\libijg12\jaricom.c ..\libijg12\jcapimin.c ..\libijg12\jcapistd.c ..\libijg12\jcarith.c ..\libijg12\jccoefct.c ..\libijg12\jccolor.c ..\libijg12\jcdctmgr.c ..\libijg12\jcdiffct.c ..\libijg12\jchuff.c ..\libijg12\jcinit.c ..\libijg12\jclhuff.c ..\libijg12\jclossls.c ..\libijg12\jclossy.c ..\libijg12\jcmainct.c ..\libijg12\jcmarker.c ..\libijg12\jcmaster.c ..\libijg12\jcodec.c ..\libijg12\jcomapi.c ..\libijg12\jcparam.c ..\libijg12\jcphuff.c ..\libijg12\jcpred.c ..\libijg12\jcprepct.c ..\libijg12\jcsample.c ..\libijg12\jcscale.c ..\libijg12\jcshuff.c ..\libijg12\jctrans.c ..\libijg12\jdapimin.c ..\libijg12\jdapistd.c ..\libijg12\jdarith.c ..\libijg12\jdatadst.c ..\libijg12\jdatasrc.c ..\libijg12\jdcoefct.c ..\libijg12\jdcolor.c ..\libijg12\jddctmgr.c ..\libijg12\jddiffct.c ..\libijg12\jdhuff.c ..\libijg12\jdinput.c ..\libijg12\jdlhuff.c ..\libijg12\jdlossls.c ..\libijg12\jdlossy.c ..\libijg12\jdmainct.c ..\libijg12\jdmarker.c ..\libijg12\jdmaster.c ..\libijg12\jdmerge.c ..\libijg12\jdphuff.c ..\libijg12\jdpostct.c ..\libijg12\jdpred.c ..\libijg12\jdsample.c ..\libijg12\jdscale.c ..\libijg12\jdshuff.c ..\libijg12\jdtrans.c ..\libijg12\jerror.c ..\libijg12\jfdctflt.c ..\libijg12\jfdctfst.c ..\libijg12\jfdctint.c ..\libijg12\jidctflt.c ..\libijg12\jidctfst.c ..\libijg12\jidctint.c ..\libijg12\jidctred.c ..\libijg12\jmemmgr.c ..\libijg12\jmemnobs.c ..\libijg12\jquant1.c ..\libijg12\jquant2.c ..\libijg12\jutils.c
         jutils.c
         jquant2.c
         jquant1.c
         jmemnobs.c
         jmemmgr.c
         jidctred.c
         jidctint.c
         jidctfst.c
         jidctflt.c
         jfdctint.c
         jfdctfst.c
         jfdctflt.c
         jerror.c
         jdtrans.c
         jdshuff.c
         jdscale.c
         jdsample.c
         jdpred.c
         jdpostct.c
         jdphuff.c
         正在生成代码...
         正在编译...
         jdmerge.c
         jdmaster.c
         jdmarker.c
         jdmainct.c
         jdlossy.c
         jdlossls.c
         jdlhuff.c
         jdinput.c
         jdhuff.c
         jddiffct.c
         jddctmgr.c
         jdcolor.c
         jdcoefct.c
         jdatasrc.c
         jdatadst.c
         jdarith.c
         jdapistd.c
         jdapimin.c
         jctrans.c
         jcshuff.c
         正在生成代码...
         正在编译...
         jcscale.c
         jcsample.c
         jcprepct.c
         jcpred.c
         jcphuff.c
         jcparam.c
         jcomapi.c
         jcodec.c
         jcmaster.c
         jcmarker.c
         jcmainct.c
         jclossy.c
         jclossls.c
         jclhuff.c
         jcinit.c
         jchuff.c
         jcdiffct.c
         jcdctmgr.c
         jccolor.c
         jccoefct.c
         正在生成代码...
         正在编译...
         jcarith.c
         jcapistd.c
         jcapimin.c
         jaricom.c
         正在生成代码...
       Lib:
         C:\Program Files (x86)\Microsoft Visual Studio 12.0\VC\bin\Lib.exe /OUT:"..\bin\x86\Debug\libijg12.x86\libijg12.x86.lib" /NOLOGO ..\obj\x86\Debug\libijg12.x86\jaricom.obj
         ..\obj\x86\Debug\libijg12.x86\jcapimin.obj
         ..\obj\x86\Debug\libijg12.x86\jcapistd.obj
         ..\obj\x86\Debug\libijg12.x86\jcarith.obj
         ..\obj\x86\Debug\libijg12.x86\jccoefct.obj
         ..\obj\x86\Debug\libijg12.x86\jccolor.obj
         ..\obj\x86\Debug\libijg12.x86\jcdctmgr.obj
         ..\obj\x86\Debug\libijg12.x86\jcdiffct.obj
         ..\obj\x86\Debug\libijg12.x86\jchuff.obj
         ..\obj\x86\Debug\libijg12.x86\jcinit.obj
         ..\obj\x86\Debug\libijg12.x86\jclhuff.obj
         ..\obj\x86\Debug\libijg12.x86\jclossls.obj
         ..\obj\x86\Debug\libijg12.x86\jclossy.obj
         ..\obj\x86\Debug\libijg12.x86\jcmainct.obj
         ..\obj\x86\Debug\libijg12.x86\jcmarker.obj
         ..\obj\x86\Debug\libijg12.x86\jcmaster.obj
         ..\obj\x86\Debug\libijg12.x86\jcodec.obj
         ..\obj\x86\Debug\libijg12.x86\jcomapi.obj
         ..\obj\x86\Debug\libijg12.x86\jcparam.obj
         ..\obj\x86\Debug\libijg12.x86\jcphuff.obj
         ..\obj\x86\Debug\libijg12.x86\jcpred.obj
         ..\obj\x86\Debug\libijg12.x86\jcprepct.obj
         ..\obj\x86\Debug\libijg12.x86\jcsample.obj
         ..\obj\x86\Debug\libijg12.x86\jcscale.obj
         ..\obj\x86\Debug\libijg12.x86\jcshuff.obj
         ..\obj\x86\Debug\libijg12.x86\jctrans.obj
         ..\obj\x86\Debug\libijg12.x86\jdapimin.obj
         ..\obj\x86\Debug\libijg12.x86\jdapistd.obj
         ..\obj\x86\Debug\libijg12.x86\jdarith.obj
         ..\obj\x86\Debug\libijg12.x86\jdatadst.obj
         ..\obj\x86\Debug\libijg12.x86\jdatasrc.obj
         ..\obj\x86\Debug\libijg12.x86\jdcoefct.obj
         ..\obj\x86\Debug\libijg12.x86\jdcolor.obj
         ..\obj\x86\Debug\libijg12.x86\jddctmgr.obj
         ..\obj\x86\Debug\libijg12.x86\jddiffct.obj
         ..\obj\x86\Debug\libijg12.x86\jdhuff.obj
         ..\obj\x86\Debug\libijg12.x86\jdinput.obj
         ..\obj\x86\Debug\libijg12.x86\jdlhuff.obj
         ..\obj\x86\Debug\libijg12.x86\jdlossls.obj
         ..\obj\x86\Debug\libijg12.x86\jdlossy.obj
         ..\obj\x86\Debug\libijg12.x86\jdmainct.obj
         ..\obj\x86\Debug\libijg12.x86\jdmarker.obj
         ..\obj\x86\Debug\libijg12.x86\jdmaster.obj
         ..\obj\x86\Debug\libijg12.x86\jdmerge.obj
         ..\obj\x86\Debug\libijg12.x86\jdphuff.obj
         ..\obj\x86\Debug\libijg12.x86\jdpostct.obj
         ..\obj\x86\Debug\libijg12.x86\jdpred.obj
         ..\obj\x86\Debug\libijg12.x86\jdsample.obj
         ..\obj\x86\Debug\libijg12.x86\jdscale.obj
         ..\obj\x86\Debug\libijg12.x86\jdshuff.obj
         ..\obj\x86\Debug\libijg12.x86\jdtrans.obj
         ..\obj\x86\Debug\libijg12.x86\jerror.obj
         ..\obj\x86\Debug\libijg12.x86\jfdctflt.obj
         ..\obj\x86\Debug\libijg12.x86\jfdctfst.obj
         ..\obj\x86\Debug\libijg12.x86\jfdctint.obj
         ..\obj\x86\Debug\libijg12.x86\jidctflt.obj
         ..\obj\x86\Debug\libijg12.x86\jidctfst.obj
         ..\obj\x86\Debug\libijg12.x86\jidctint.obj
         ..\obj\x86\Debug\libijg12.x86\jidctred.obj
         ..\obj\x86\Debug\libijg12.x86\jmemmgr.obj
         ..\obj\x86\Debug\libijg12.x86\jmemnobs.obj
         ..\obj\x86\Debug\libijg12.x86\jquant1.obj
         ..\obj\x86\Debug\libijg12.x86\jquant2.obj
         ..\obj\x86\Debug\libijg12.x86\jutils.obj
         libijg12.x86.vcxproj -> E:\Project\SendImagesTool\FoDicom\DICOM.Native\x86\..\bin\x86\Debug\libijg12.x86\libijg12.x86.lib
     1>已完成生成项目“E:\Project\SendImagesTool\FoDicom\DICOM.Native\x86\libijg12.x86.vcxproj”(Build 个目标)的操作。

生成成功。

已用时间 00:00:01.50
