g:\workproject\sendimagestool\fodicom\dicom.native\obj\x64\debug\libijg8.x64\vc120.pdb
e:\project\sendimagestool\fodicom\dicom.native\obj\x64\debug\libijg8.x64\vc120.pdb
e:\project\sendimagestool\fodicom\dicom.native\obj\x64\debug\libijg8.x64\vc120.idb
e:\project\sendimagestool\fodicom\dicom.native\obj\x64\debug\libijg8.x64\jdphuff.obj
e:\project\sendimagestool\fodicom\dicom.native\obj\x64\debug\libijg8.x64\jdpostct.obj
e:\project\sendimagestool\fodicom\dicom.native\obj\x64\debug\libijg8.x64\jdpred.obj
e:\project\sendimagestool\fodicom\dicom.native\obj\x64\debug\libijg8.x64\jdsample.obj
e:\project\sendimagestool\fodicom\dicom.native\obj\x64\debug\libijg8.x64\jdscale.obj
e:\project\sendimagestool\fodicom\dicom.native\obj\x64\debug\libijg8.x64\jdshuff.obj
e:\project\sendimagestool\fodicom\dicom.native\obj\x64\debug\libijg8.x64\jdtrans.obj
e:\project\sendimagestool\fodicom\dicom.native\obj\x64\debug\libijg8.x64\jerror.obj
e:\project\sendimagestool\fodicom\dicom.native\obj\x64\debug\libijg8.x64\jfdctflt.obj
e:\project\sendimagestool\fodicom\dicom.native\obj\x64\debug\libijg8.x64\jfdctfst.obj
e:\project\sendimagestool\fodicom\dicom.native\obj\x64\debug\libijg8.x64\jfdctint.obj
e:\project\sendimagestool\fodicom\dicom.native\obj\x64\debug\libijg8.x64\jidctflt.obj
e:\project\sendimagestool\fodicom\dicom.native\obj\x64\debug\libijg8.x64\jidctfst.obj
e:\project\sendimagestool\fodicom\dicom.native\obj\x64\debug\libijg8.x64\jidctint.obj
e:\project\sendimagestool\fodicom\dicom.native\obj\x64\debug\libijg8.x64\jidctred.obj
e:\project\sendimagestool\fodicom\dicom.native\obj\x64\debug\libijg8.x64\jmemmgr.obj
e:\project\sendimagestool\fodicom\dicom.native\obj\x64\debug\libijg8.x64\jmemnobs.obj
e:\project\sendimagestool\fodicom\dicom.native\obj\x64\debug\libijg8.x64\jquant1.obj
e:\project\sendimagestool\fodicom\dicom.native\obj\x64\debug\libijg8.x64\jquant2.obj
e:\project\sendimagestool\fodicom\dicom.native\obj\x64\debug\libijg8.x64\jutils.obj
e:\project\sendimagestool\fodicom\dicom.native\obj\x64\debug\libijg8.x64\jcshuff.obj
e:\project\sendimagestool\fodicom\dicom.native\obj\x64\debug\libijg8.x64\jctrans.obj
e:\project\sendimagestool\fodicom\dicom.native\obj\x64\debug\libijg8.x64\jdapimin.obj
e:\project\sendimagestool\fodicom\dicom.native\obj\x64\debug\libijg8.x64\jdapistd.obj
e:\project\sendimagestool\fodicom\dicom.native\obj\x64\debug\libijg8.x64\jdarith.obj
e:\project\sendimagestool\fodicom\dicom.native\obj\x64\debug\libijg8.x64\jdatadst.obj
e:\project\sendimagestool\fodicom\dicom.native\obj\x64\debug\libijg8.x64\jdatasrc.obj
e:\project\sendimagestool\fodicom\dicom.native\obj\x64\debug\libijg8.x64\jdcoefct.obj
e:\project\sendimagestool\fodicom\dicom.native\obj\x64\debug\libijg8.x64\jdcolor.obj
e:\project\sendimagestool\fodicom\dicom.native\obj\x64\debug\libijg8.x64\jddctmgr.obj
e:\project\sendimagestool\fodicom\dicom.native\obj\x64\debug\libijg8.x64\jddiffct.obj
e:\project\sendimagestool\fodicom\dicom.native\obj\x64\debug\libijg8.x64\jdhuff.obj
e:\project\sendimagestool\fodicom\dicom.native\obj\x64\debug\libijg8.x64\jdinput.obj
e:\project\sendimagestool\fodicom\dicom.native\obj\x64\debug\libijg8.x64\jdlhuff.obj
e:\project\sendimagestool\fodicom\dicom.native\obj\x64\debug\libijg8.x64\jdlossls.obj
e:\project\sendimagestool\fodicom\dicom.native\obj\x64\debug\libijg8.x64\jdlossy.obj
e:\project\sendimagestool\fodicom\dicom.native\obj\x64\debug\libijg8.x64\jdmainct.obj
e:\project\sendimagestool\fodicom\dicom.native\obj\x64\debug\libijg8.x64\jdmarker.obj
e:\project\sendimagestool\fodicom\dicom.native\obj\x64\debug\libijg8.x64\jdmaster.obj
e:\project\sendimagestool\fodicom\dicom.native\obj\x64\debug\libijg8.x64\jdmerge.obj
e:\project\sendimagestool\fodicom\dicom.native\obj\x64\debug\libijg8.x64\jccoefct.obj
e:\project\sendimagestool\fodicom\dicom.native\obj\x64\debug\libijg8.x64\jccolor.obj
e:\project\sendimagestool\fodicom\dicom.native\obj\x64\debug\libijg8.x64\jcdctmgr.obj
e:\project\sendimagestool\fodicom\dicom.native\obj\x64\debug\libijg8.x64\jcdiffct.obj
e:\project\sendimagestool\fodicom\dicom.native\obj\x64\debug\libijg8.x64\jchuff.obj
e:\project\sendimagestool\fodicom\dicom.native\obj\x64\debug\libijg8.x64\jcinit.obj
e:\project\sendimagestool\fodicom\dicom.native\obj\x64\debug\libijg8.x64\jclhuff.obj
e:\project\sendimagestool\fodicom\dicom.native\obj\x64\debug\libijg8.x64\jclossls.obj
e:\project\sendimagestool\fodicom\dicom.native\obj\x64\debug\libijg8.x64\jclossy.obj
e:\project\sendimagestool\fodicom\dicom.native\obj\x64\debug\libijg8.x64\jcmainct.obj
e:\project\sendimagestool\fodicom\dicom.native\obj\x64\debug\libijg8.x64\jcmarker.obj
e:\project\sendimagestool\fodicom\dicom.native\obj\x64\debug\libijg8.x64\jcmaster.obj
e:\project\sendimagestool\fodicom\dicom.native\obj\x64\debug\libijg8.x64\jcodec.obj
e:\project\sendimagestool\fodicom\dicom.native\obj\x64\debug\libijg8.x64\jcomapi.obj
e:\project\sendimagestool\fodicom\dicom.native\obj\x64\debug\libijg8.x64\jcparam.obj
e:\project\sendimagestool\fodicom\dicom.native\obj\x64\debug\libijg8.x64\jcphuff.obj
e:\project\sendimagestool\fodicom\dicom.native\obj\x64\debug\libijg8.x64\jcpred.obj
e:\project\sendimagestool\fodicom\dicom.native\obj\x64\debug\libijg8.x64\jcprepct.obj
e:\project\sendimagestool\fodicom\dicom.native\obj\x64\debug\libijg8.x64\jcsample.obj
e:\project\sendimagestool\fodicom\dicom.native\obj\x64\debug\libijg8.x64\jcscale.obj
e:\project\sendimagestool\fodicom\dicom.native\obj\x64\debug\libijg8.x64\jaricom.obj
e:\project\sendimagestool\fodicom\dicom.native\obj\x64\debug\libijg8.x64\jcapimin.obj
e:\project\sendimagestool\fodicom\dicom.native\obj\x64\debug\libijg8.x64\jcapistd.obj
e:\project\sendimagestool\fodicom\dicom.native\obj\x64\debug\libijg8.x64\jcarith.obj
g:\workproject\sendimagestool\fodicom\dicom.native\bin\x64\debug\libijg8.x64\libijg8.x64.lib
e:\project\sendimagestool\fodicom\dicom.native\bin\x64\debug\libijg8.x64\libijg8.x64.lib
e:\project\sendimagestool\fodicom\dicom.native\x64\..\bin\x64\debug\libijg8.x64\libijg8.x64.lib
e:\project\sendimagestool\fodicom\dicom.native\obj\x64\debug\libijg8.x64\libijg8.x64.tlog\cl.command.1.tlog
e:\project\sendimagestool\fodicom\dicom.native\obj\x64\debug\libijg8.x64\libijg8.x64.tlog\cl.read.1.tlog
e:\project\sendimagestool\fodicom\dicom.native\obj\x64\debug\libijg8.x64\libijg8.x64.tlog\cl.write.1.tlog
e:\project\sendimagestool\fodicom\dicom.native\obj\x64\debug\libijg8.x64\libijg8.x64.tlog\lib-link.read.1.tlog
e:\project\sendimagestool\fodicom\dicom.native\obj\x64\debug\libijg8.x64\libijg8.x64.tlog\lib-link.write.1.tlog
e:\project\sendimagestool\fodicom\dicom.native\obj\x64\debug\libijg8.x64\libijg8.x64.tlog\lib.command.1.tlog
