生成启动时间为 2016-02-29 14:11:15。
     1>项目“E:\Project\SendImagesTool\FoDicom\DICOM.Native\x64\libijg8.x64.vcxproj”在节点 2 上(Build 个目标)。
     1>ClCompile:
         C:\Program Files (x86)\Microsoft Visual Studio 12.0\VC\bin\x86_amd64\CL.exe /c /Zi /nologo /W3 /WX- /Od /D _CRT_SECURE_NO_WARNINGS /D _MBCS /D _MBCS /Gm /EHsc /RTC1 /MDd /GS /fp:precise /Zc:wchar_t /Zc:forScope /Fo"..\obj\x64\Debug\libijg8.x64\\" /Fd"..\obj\x64\Debug\libijg8.x64\vc120.pdb" /Gd /TC /errorReport:prompt ..\libijg8\jaricom.c ..\libijg8\jcapimin.c ..\libijg8\jcapistd.c ..\libijg8\jcarith.c ..\libijg8\jccoefct.c ..\libijg8\jccolor.c ..\libijg8\jcdctmgr.c ..\libijg8\jcdiffct.c ..\libijg8\jchuff.c ..\libijg8\jcinit.c ..\libijg8\jclhuff.c ..\libijg8\jclossls.c ..\libijg8\jclossy.c ..\libijg8\jcmainct.c ..\libijg8\jcmarker.c ..\libijg8\jcmaster.c ..\libijg8\jcodec.c ..\libijg8\jcomapi.c ..\libijg8\jcparam.c ..\libijg8\jcphuff.c ..\libijg8\jcpred.c ..\libijg8\jcprepct.c ..\libijg8\jcsample.c ..\libijg8\jcscale.c ..\libijg8\jcshuff.c ..\libijg8\jctrans.c ..\libijg8\jdapimin.c ..\libijg8\jdapistd.c ..\libijg8\jdarith.c ..\libijg8\jdatadst.c ..\libijg8\jdatasrc.c ..\libijg8\jdcoefct.c ..\libijg8\jdcolor.c ..\libijg8\jddctmgr.c ..\libijg8\jddiffct.c ..\libijg8\jdhuff.c ..\libijg8\jdinput.c ..\libijg8\jdlhuff.c ..\libijg8\jdlossls.c ..\libijg8\jdlossy.c ..\libijg8\jdmainct.c ..\libijg8\jdmarker.c ..\libijg8\jdmaster.c ..\libijg8\jdmerge.c ..\libijg8\jdphuff.c ..\libijg8\jdpostct.c ..\libijg8\jdpred.c ..\libijg8\jdsample.c ..\libijg8\jdscale.c ..\libijg8\jdshuff.c ..\libijg8\jdtrans.c ..\libijg8\jerror.c ..\libijg8\jfdctflt.c ..\libijg8\jfdctfst.c ..\libijg8\jfdctint.c ..\libijg8\jidctflt.c ..\libijg8\jidctfst.c ..\libijg8\jidctint.c ..\libijg8\jidctred.c ..\libijg8\jmemmgr.c ..\libijg8\jmemnobs.c ..\libijg8\jquant1.c ..\libijg8\jquant2.c ..\libijg8\jutils.c
         jutils.c
         jquant2.c
         jquant1.c
         jmemnobs.c
         jmemmgr.c
         jidctred.c
         jidctint.c
         jidctfst.c
         jidctflt.c
         jfdctint.c
         jfdctfst.c
         jfdctflt.c
         jerror.c
         jdtrans.c
         jdshuff.c
         jdscale.c
         jdsample.c
         jdpred.c
         jdpostct.c
         jdphuff.c
         正在生成代码...
         正在编译...
         jdmerge.c
         jdmaster.c
         jdmarker.c
         jdmainct.c
         jdlossy.c
         jdlossls.c
         jdlhuff.c
         jdinput.c
         jdhuff.c
         jddiffct.c
         jddctmgr.c
         jdcolor.c
         jdcoefct.c
         jdatasrc.c
         jdatadst.c
         jdarith.c
         jdapistd.c
         jdapimin.c
         jctrans.c
         jcshuff.c
         正在生成代码...
         正在编译...
         jcscale.c
         jcsample.c
         jcprepct.c
         jcpred.c
         jcphuff.c
         jcparam.c
         jcomapi.c
         jcodec.c
         jcmaster.c
         jcmarker.c
         jcmainct.c
         jclossy.c
         jclossls.c
         jclhuff.c
         jcinit.c
         jchuff.c
         jcdiffct.c
         jcdctmgr.c
         jccolor.c
         jccoefct.c
         正在生成代码...
         正在编译...
         jcarith.c
         jcapistd.c
         jcapimin.c
         jaricom.c
         正在生成代码...
       Lib:
         C:\Program Files (x86)\Microsoft Visual Studio 12.0\VC\bin\x86_amd64\Lib.exe /OUT:"..\bin\x64\Debug\libijg8.x64\libijg8.x64.lib" /NOLOGO /MACHINE:X64 ..\obj\x64\Debug\libijg8.x64\jaricom.obj
         ..\obj\x64\Debug\libijg8.x64\jcapimin.obj
         ..\obj\x64\Debug\libijg8.x64\jcapistd.obj
         ..\obj\x64\Debug\libijg8.x64\jcarith.obj
         ..\obj\x64\Debug\libijg8.x64\jccoefct.obj
         ..\obj\x64\Debug\libijg8.x64\jccolor.obj
         ..\obj\x64\Debug\libijg8.x64\jcdctmgr.obj
         ..\obj\x64\Debug\libijg8.x64\jcdiffct.obj
         ..\obj\x64\Debug\libijg8.x64\jchuff.obj
         ..\obj\x64\Debug\libijg8.x64\jcinit.obj
         ..\obj\x64\Debug\libijg8.x64\jclhuff.obj
         ..\obj\x64\Debug\libijg8.x64\jclossls.obj
         ..\obj\x64\Debug\libijg8.x64\jclossy.obj
         ..\obj\x64\Debug\libijg8.x64\jcmainct.obj
         ..\obj\x64\Debug\libijg8.x64\jcmarker.obj
         ..\obj\x64\Debug\libijg8.x64\jcmaster.obj
         ..\obj\x64\Debug\libijg8.x64\jcodec.obj
         ..\obj\x64\Debug\libijg8.x64\jcomapi.obj
         ..\obj\x64\Debug\libijg8.x64\jcparam.obj
         ..\obj\x64\Debug\libijg8.x64\jcphuff.obj
         ..\obj\x64\Debug\libijg8.x64\jcpred.obj
         ..\obj\x64\Debug\libijg8.x64\jcprepct.obj
         ..\obj\x64\Debug\libijg8.x64\jcsample.obj
         ..\obj\x64\Debug\libijg8.x64\jcscale.obj
         ..\obj\x64\Debug\libijg8.x64\jcshuff.obj
         ..\obj\x64\Debug\libijg8.x64\jctrans.obj
         ..\obj\x64\Debug\libijg8.x64\jdapimin.obj
         ..\obj\x64\Debug\libijg8.x64\jdapistd.obj
         ..\obj\x64\Debug\libijg8.x64\jdarith.obj
         ..\obj\x64\Debug\libijg8.x64\jdatadst.obj
         ..\obj\x64\Debug\libijg8.x64\jdatasrc.obj
         ..\obj\x64\Debug\libijg8.x64\jdcoefct.obj
         ..\obj\x64\Debug\libijg8.x64\jdcolor.obj
         ..\obj\x64\Debug\libijg8.x64\jddctmgr.obj
         ..\obj\x64\Debug\libijg8.x64\jddiffct.obj
         ..\obj\x64\Debug\libijg8.x64\jdhuff.obj
         ..\obj\x64\Debug\libijg8.x64\jdinput.obj
         ..\obj\x64\Debug\libijg8.x64\jdlhuff.obj
         ..\obj\x64\Debug\libijg8.x64\jdlossls.obj
         ..\obj\x64\Debug\libijg8.x64\jdlossy.obj
         ..\obj\x64\Debug\libijg8.x64\jdmainct.obj
         ..\obj\x64\Debug\libijg8.x64\jdmarker.obj
         ..\obj\x64\Debug\libijg8.x64\jdmaster.obj
         ..\obj\x64\Debug\libijg8.x64\jdmerge.obj
         ..\obj\x64\Debug\libijg8.x64\jdphuff.obj
         ..\obj\x64\Debug\libijg8.x64\jdpostct.obj
         ..\obj\x64\Debug\libijg8.x64\jdpred.obj
         ..\obj\x64\Debug\libijg8.x64\jdsample.obj
         ..\obj\x64\Debug\libijg8.x64\jdscale.obj
         ..\obj\x64\Debug\libijg8.x64\jdshuff.obj
         ..\obj\x64\Debug\libijg8.x64\jdtrans.obj
         ..\obj\x64\Debug\libijg8.x64\jerror.obj
         ..\obj\x64\Debug\libijg8.x64\jfdctflt.obj
         ..\obj\x64\Debug\libijg8.x64\jfdctfst.obj
         ..\obj\x64\Debug\libijg8.x64\jfdctint.obj
         ..\obj\x64\Debug\libijg8.x64\jidctflt.obj
         ..\obj\x64\Debug\libijg8.x64\jidctfst.obj
         ..\obj\x64\Debug\libijg8.x64\jidctint.obj
         ..\obj\x64\Debug\libijg8.x64\jidctred.obj
         ..\obj\x64\Debug\libijg8.x64\jmemmgr.obj
         ..\obj\x64\Debug\libijg8.x64\jmemnobs.obj
         ..\obj\x64\Debug\libijg8.x64\jquant1.obj
         ..\obj\x64\Debug\libijg8.x64\jquant2.obj
         ..\obj\x64\Debug\libijg8.x64\jutils.obj
         libijg8.x64.vcxproj -> E:\Project\SendImagesTool\FoDicom\DICOM.Native\x64\..\bin\x64\Debug\libijg8.x64\libijg8.x64.lib
     1>已完成生成项目“E:\Project\SendImagesTool\FoDicom\DICOM.Native\x64\libijg8.x64.vcxproj”(Build 个目标)的操作。

生成成功。

已用时间 00:00:02.45
