g:\workproject\sendimagestool\fodicom\dicom.native\obj\x86\debug\dicom.native\vc120.pdb
e:\project\sendimagestool\fodicom\dicom.native\obj\x86\debug\dicom.native\vc120.pdb
e:\project\sendimagestool\fodicom\dicom.native\obj\x86\debug\dicom.native\dicomnativeext.obj
e:\project\sendimagestool\fodicom\dicom.native\obj\x86\debug\dicom.native\dicom.imaging.codec.rle.obj
e:\project\sendimagestool\fodicom\dicom.native\obj\x86\debug\dicom.native\dicom.imaging.codec.jpeg_8.obj
e:\project\sendimagestool\fodicom\dicom.native\obj\x86\debug\dicom.native\dicom.imaging.codec.jpeg_16.obj
e:\project\sendimagestool\fodicom\dicom.native\obj\x86\debug\dicom.native\dicom.imaging.codec.jpeg_12.obj
e:\project\sendimagestool\fodicom\dicom.native\obj\x86\debug\dicom.native\dicom.imaging.codec.jpegls.obj
e:\project\sendimagestool\fodicom\dicom.native\obj\x86\debug\dicom.native\dicom.imaging.codec.jpeg2000.obj
e:\project\sendimagestool\fodicom\dicom.native\obj\x86\debug\dicom.native\dicom.imaging.codec.jpeg.obj
e:\project\sendimagestool\fodicom\dicom.native\obj\x86\debug\dicom.native\assemblyinfo.obj
e:\project\sendimagestool\fodicom\dicom.native\obj\x86\debug\dicom.native\jpegstreamwriter.obj
e:\project\sendimagestool\fodicom\dicom.native\obj\x86\debug\dicom.native\jpegstreamreader.obj
e:\project\sendimagestool\fodicom\dicom.native\obj\x86\debug\dicom.native\jpegmarkersegment.obj
e:\project\sendimagestool\fodicom\dicom.native\obj\x86\debug\dicom.native\jpegls.obj
e:\project\sendimagestool\fodicom\dicom.native\obj\x86\debug\dicom.native\interface.obj
e:\project\sendimagestool\fodicom\dicom.native\obj\x86\debug\dicom.native\tcd.obj
e:\project\sendimagestool\fodicom\dicom.native\obj\x86\debug\dicom.native\t2.obj
e:\project\sendimagestool\fodicom\dicom.native\obj\x86\debug\dicom.native\t1.obj
e:\project\sendimagestool\fodicom\dicom.native\obj\x86\debug\dicom.native\raw.obj
e:\project\sendimagestool\fodicom\dicom.native\obj\x86\debug\dicom.native\ppix_manager.obj
e:\project\sendimagestool\fodicom\dicom.native\obj\x86\debug\dicom.native\pi.obj
e:\project\sendimagestool\fodicom\dicom.native\obj\x86\debug\dicom.native\phix_manager.obj
e:\project\sendimagestool\fodicom\dicom.native\obj\x86\debug\dicom.native\openjpeg.obj
e:\project\sendimagestool\fodicom\dicom.native\obj\x86\debug\dicom.native\mqc.obj
e:\project\sendimagestool\fodicom\dicom.native\obj\x86\debug\dicom.native\mct.obj
e:\project\sendimagestool\fodicom\dicom.native\obj\x86\debug\dicom.native\jpt.obj
e:\project\sendimagestool\fodicom\dicom.native\obj\x86\debug\dicom.native\jp2.obj
e:\project\sendimagestool\fodicom\dicom.native\obj\x86\debug\dicom.native\j2k_lib.obj
e:\project\sendimagestool\fodicom\dicom.native\obj\x86\debug\dicom.native\j2k.obj
e:\project\sendimagestool\fodicom\dicom.native\obj\x86\debug\dicom.native\image.obj
e:\project\sendimagestool\fodicom\dicom.native\obj\x86\debug\dicom.native\event.obj
e:\project\sendimagestool\fodicom\dicom.native\obj\x86\debug\dicom.native\dwt.obj
e:\project\sendimagestool\fodicom\dicom.native\obj\x86\debug\dicom.native\cio.obj
e:\project\sendimagestool\fodicom\dicom.native\obj\x86\debug\dicom.native\cidx_manager.obj
e:\project\sendimagestool\fodicom\dicom.native\obj\x86\debug\dicom.native\bio.obj
e:\project\sendimagestool\fodicom\dicom.native\obj\x86\debug\dicom.native\tpix_manager.obj
e:\project\sendimagestool\fodicom\dicom.native\obj\x86\debug\dicom.native\thix_manager.obj
e:\project\sendimagestool\fodicom\dicom.native\obj\x86\debug\dicom.native\tgt.obj
e:\project\sendimagestool\fodicom\dicom.native\obj\x86\debug\dicom.native\.netframework,version=v4.5.assemblyattributes.obj
g:\workproject\sendimagestool\fodicom\dicom.native\bin\x86\debug\dicom.native\dicom.core.dll
g:\workproject\sendimagestool\fodicom\dicom.native\bin\x86\debug\dicom.native\dicom.core.pdb
g:\workproject\sendimagestool\fodicom\dicom.native\bin\x86\debug\dicom.native\dicom.native.lib
g:\workproject\sendimagestool\fodicom\dicom.native\bin\x86\debug\dicom.native\dicom.native.exp
e:\project\sendimagestool\fodicom\dicom.native\bin\x86\debug\dicom.native\dicom.core.dll
e:\project\sendimagestool\fodicom\dicom.native\bin\x86\debug\dicom.native\dicom.core.pdb
e:\project\sendimagestool\fodicom\dicom.native\bin\x86\debug\dicom.native\dicom.native.lib
e:\project\sendimagestool\fodicom\dicom.native\bin\x86\debug\dicom.native\dicom.native.exp
g:\workproject\sendimagestool\fodicom\dicom.native\bin\x86\debug\dicom.native\dicom.native.dll
g:\workproject\sendimagestool\fodicom\dicom.native\bin\x86\debug\dicom.native\dicom.native.pdb
e:\project\sendimagestool\fodicom\dicom.native\bin\x86\debug\dicom.native\dicom.native.dll
c:\windows\microsoft.net\framework\v2.0.50727\mscorwks.dll
c:\windows\microsoft.net\framework\v4.0.30319\clr.dll
e:\project\sendimagestool\fodicom\dicom.native\bin\x86\debug\dicom.native\dicom.native.pdb
e:\project\sendimagestool\fodicom\dicom.native\obj\x86\debug\dicom.native\dicom.native.tlog\metagen.write.1.tlog
e:\project\sendimagestool\fodicom\dicom.native\obj\x86\debug\dicom.native\dicom.native.vcxprojresolveassemblyreference.cache
e:\project\sendimagestool\fodicom\dicom.native\x86\..\bin\x86\debug\dicom.native\dicom.native.dll
e:\project\sendimagestool\fodicom\dicom.native\obj\x86\debug\dicom.native\dicom.native.tlog\cl.command.1.tlog
e:\project\sendimagestool\fodicom\dicom.native\obj\x86\debug\dicom.native\dicom.native.tlog\cl.read.1.tlog
e:\project\sendimagestool\fodicom\dicom.native\obj\x86\debug\dicom.native\dicom.native.tlog\cl.read.2.tlog
e:\project\sendimagestool\fodicom\dicom.native\obj\x86\debug\dicom.native\dicom.native.tlog\cl.write.1.tlog
e:\project\sendimagestool\fodicom\dicom.native\obj\x86\debug\dicom.native\dicom.native.tlog\dicom.native.write.1u.tlog
e:\project\sendimagestool\fodicom\dicom.native\obj\x86\debug\dicom.native\dicom.native.tlog\link.command.1.tlog
e:\project\sendimagestool\fodicom\dicom.native\obj\x86\debug\dicom.native\dicom.native.tlog\link.read.1.tlog
e:\project\sendimagestool\fodicom\dicom.native\obj\x86\debug\dicom.native\dicom.native.tlog\link.write.1.tlog
e:\project\sendimagestool\fodicom\dicom.native\obj\x86\debug\dicom.native\dicom.native.tlog\metagen.read.1.tlog
e:\project\sendimagestool\fodicom\dicom.native\obj\x86\debug\dicom.native\dicom.native.tlog\dicom.core.dll.metagen
e:\project\sendimagestool\fodicom\dicom.native\obj\x86\debug\dicom.native\dicom.native.tlog\rsaenh.dll.bi
e:\project\sendimagestool\fodicom\dicom.native\obj\x86\debug\dicom.native\dicom.native.tlog\tzres.dll.bi
